Determining if the Q_WS_WIN exist failed with the following output:
Change Dir: /home/martina/projects/OpenTLD-master/CMakeFiles/CMakeTmp

Run Build Command:"/usr/bin/make" "cmTC_51f8b/fast"
/usr/bin/make -f CMakeFiles/cmTC_51f8b.dir/build.make CMakeFiles/cmTC_51f8b.dir/build
make[1]: ingresso nella directory "/home/martina/projects/OpenTLD-master/CMakeFiles/CMakeTmp"
Building CXX object CMakeFiles/cmTC_51f8b.dir/CheckSymbolExists.cxx.o
/usr/bin/c++   -I/usr/include/qt4   -o CMakeFiles/cmTC_51f8b.dir/CheckSymbolExists.cxx.o -c /home/martina/projects/OpenTLD-master/CMakeFiles/CMakeTmp/CheckSymbolExists.cxx
/home/martina/projects/OpenTLD-master/CMakeFiles/CMakeTmp/CheckSymbolExists.cxx: In function ‘int main(int, char**)’:
/home/martina/projects/OpenTLD-master/CMakeFiles/CMakeTmp/CheckSymbolExists.cxx:8:19: error: ‘Q_WS_WIN’ was not declared in this scope
   return ((int*)(&Q_WS_WIN))[argc];
                   ^~~~~~~~
/home/martina/projects/OpenTLD-master/CMakeFiles/CMakeTmp/CheckSymbolExists.cxx:8:19: note: suggested alternative: ‘Q_WS_X11’
   return ((int*)(&Q_WS_WIN))[argc];
                   ^~~~~~~~
                   Q_WS_X11
CMakeFiles/cmTC_51f8b.dir/build.make:65: recipe for target 'CMakeFiles/cmTC_51f8b.dir/CheckSymbolExists.cxx.o' failed
make[1]: *** [CMakeFiles/cmTC_51f8b.dir/CheckSymbolExists.cxx.o] Error 1
make[1]: uscita dalla directory "/home/martina/projects/OpenTLD-master/CMakeFiles/CMakeTmp"
Makefile:126: recipe for target 'cmTC_51f8b/fast' failed
make: *** [cmTC_51f8b/fast] Error 2

File /home/martina/projects/OpenTLD-master/CMakeFiles/CMakeTmp/CheckSymbolExists.cxx:
/* */
#include <QtCore/qglobal.h>

int main(int argc, char** argv)
{
  (void)argv;
#ifndef Q_WS_WIN
  return ((int*)(&Q_WS_WIN))[argc];
#else
  (void)argc;
  return 0;
#endif
}

Determining if the Q_WS_QWS exist failed with the following output:
Change Dir: /home/martina/projects/OpenTLD-master/CMakeFiles/CMakeTmp

Run Build Command:"/usr/bin/make" "cmTC_f69a4/fast"
/usr/bin/make -f CMakeFiles/cmTC_f69a4.dir/build.make CMakeFiles/cmTC_f69a4.dir/build
make[1]: ingresso nella directory "/home/martina/projects/OpenTLD-master/CMakeFiles/CMakeTmp"
Building CXX object CMakeFiles/cmTC_f69a4.dir/CheckSymbolExists.cxx.o
/usr/bin/c++   -I/usr/include/qt4   -o CMakeFiles/cmTC_f69a4.dir/CheckSymbolExists.cxx.o -c /home/martina/projects/OpenTLD-master/CMakeFiles/CMakeTmp/CheckSymbolExists.cxx
/home/martina/projects/OpenTLD-master/CMakeFiles/CMakeTmp/CheckSymbolExists.cxx: In function ‘int main(int, char**)’:
/home/martina/projects/OpenTLD-master/CMakeFiles/CMakeTmp/CheckSymbolExists.cxx:8:19: error: ‘Q_WS_QWS’ was not declared in this scope
   return ((int*)(&Q_WS_QWS))[argc];
                   ^~~~~~~~
/home/martina/projects/OpenTLD-master/CMakeFiles/CMakeTmp/CheckSymbolExists.cxx:8:19: note: suggested alternative: ‘Q_WS_X11’
   return ((int*)(&Q_WS_QWS))[argc];
                   ^~~~~~~~
                   Q_WS_X11
CMakeFiles/cmTC_f69a4.dir/build.make:65: recipe for target 'CMakeFiles/cmTC_f69a4.dir/CheckSymbolExists.cxx.o' failed
make[1]: *** [CMakeFiles/cmTC_f69a4.dir/CheckSymbolExists.cxx.o] Error 1
make[1]: uscita dalla directory "/home/martina/projects/OpenTLD-master/CMakeFiles/CMakeTmp"
Makefile:126: recipe for target 'cmTC_f69a4/fast' failed
make: *** [cmTC_f69a4/fast] Error 2

File /home/martina/projects/OpenTLD-master/CMakeFiles/CMakeTmp/CheckSymbolExists.cxx:
/* */
#include <QtCore/qglobal.h>

int main(int argc, char** argv)
{
  (void)argv;
#ifndef Q_WS_QWS
  return ((int*)(&Q_WS_QWS))[argc];
#else
  (void)argc;
  return 0;
#endif
}

Determining if the Q_WS_MAC exist failed with the following output:
Change Dir: /home/martina/projects/OpenTLD-master/CMakeFiles/CMakeTmp

Run Build Command:"/usr/bin/make" "cmTC_ed78c/fast"
/usr/bin/make -f CMakeFiles/cmTC_ed78c.dir/build.make CMakeFiles/cmTC_ed78c.dir/build
make[1]: ingresso nella directory "/home/martina/projects/OpenTLD-master/CMakeFiles/CMakeTmp"
Building CXX object CMakeFiles/cmTC_ed78c.dir/CheckSymbolExists.cxx.o
/usr/bin/c++   -I/usr/include/qt4   -o CMakeFiles/cmTC_ed78c.dir/CheckSymbolExists.cxx.o -c /home/martina/projects/OpenTLD-master/CMakeFiles/CMakeTmp/CheckSymbolExists.cxx
/home/martina/projects/OpenTLD-master/CMakeFiles/CMakeTmp/CheckSymbolExists.cxx: In function ‘int main(int, char**)’:
/home/martina/projects/OpenTLD-master/CMakeFiles/CMakeTmp/CheckSymbolExists.cxx:8:19: error: ‘Q_WS_MAC’ was not declared in this scope
   return ((int*)(&Q_WS_MAC))[argc];
                   ^~~~~~~~
/home/martina/projects/OpenTLD-master/CMakeFiles/CMakeTmp/CheckSymbolExists.cxx:8:19: note: suggested alternative: ‘Q_WS_X11’
   return ((int*)(&Q_WS_MAC))[argc];
                   ^~~~~~~~
                   Q_WS_X11
CMakeFiles/cmTC_ed78c.dir/build.make:65: recipe for target 'CMakeFiles/cmTC_ed78c.dir/CheckSymbolExists.cxx.o' failed
make[1]: *** [CMakeFiles/cmTC_ed78c.dir/CheckSymbolExists.cxx.o] Error 1
make[1]: uscita dalla directory "/home/martina/projects/OpenTLD-master/CMakeFiles/CMakeTmp"
Makefile:126: recipe for target 'cmTC_ed78c/fast' failed
make: *** [cmTC_ed78c/fast] Error 2

File /home/martina/projects/OpenTLD-master/CMakeFiles/CMakeTmp/CheckSymbolExists.cxx:
/* */
#include <QtCore/qglobal.h>

int main(int argc, char** argv)
{
  (void)argv;
#ifndef Q_WS_MAC
  return ((int*)(&Q_WS_MAC))[argc];
#else
  (void)argc;
  return 0;
#endif
}

